<?xml version="1.0" encoding="UTF-8"?>
<testsuite xmlns:xsi="http://www.w3.org/2001/XMLSchema-instance" xsi:noNamespaceSchemaLocation="https://maven.apache.org/surefire/maven-surefire-plugin/xsd/surefire-test-report.xsd" name="io.github.bonigarcia.webdriver.jupiter.ch03.locators.BestBuyHomepageTest" time="688.577" tests="53" errors="0" skipped="0" failures="0">
  <properties>
    <property name="java.specification.version" value="21"/>
    <property name="sun.jnu.encoding" value="UTF-8"/>
    <property name="java.class.path" value="/Users/parammodi/Desktop/IIT/Sem 3/Advanced Software Engineering/Assigment-4/Assignment_4/bestbuy-tests/target/test-classes:/Users/parammodi/Desktop/IIT/Sem 3/Advanced Software Engineering/Assigment-4/Assignment_4/bestbuy-tests/target/classes:/Users/parammodi/.m2/repository/org/seleniumhq/selenium/selenium-java/3.141.59/selenium-java-3.141.59.jar:/Users/parammodi/.m2/repository/org/seleniumhq/selenium/selenium-api/3.141.59/selenium-api-3.141.59.jar:/Users/parammodi/.m2/repository/org/seleniumhq/selenium/selenium-chrome-driver/3.141.59/selenium-chrome-driver-3.141.59.jar:/Users/parammodi/.m2/repository/org/seleniumhq/selenium/selenium-edge-driver/3.141.59/selenium-edge-driver-3.141.59.jar:/Users/parammodi/.m2/repository/org/seleniumhq/selenium/selenium-firefox-driver/3.141.59/selenium-firefox-driver-3.141.59.jar:/Users/parammodi/.m2/repository/org/seleniumhq/selenium/selenium-ie-driver/3.141.59/selenium-ie-driver-3.141.59.jar:/Users/parammodi/.m2/repository/org/seleniumhq/selenium/selenium-opera-driver/3.141.59/selenium-opera-driver-3.141.59.jar:/Users/parammodi/.m2/repository/org/seleniumhq/selenium/selenium-remote-driver/3.141.59/selenium-remote-driver-3.141.59.jar:/Users/parammodi/.m2/repository/org/seleniumhq/selenium/selenium-safari-driver/3.141.59/selenium-safari-driver-3.141.59.jar:/Users/parammodi/.m2/repository/org/seleniumhq/selenium/selenium-support/3.141.59/selenium-support-3.141.59.jar:/Users/parammodi/.m2/repository/net/bytebuddy/byte-buddy/1.8.15/byte-buddy-1.8.15.jar:/Users/parammodi/.m2/repository/org/apache/commons/commons-exec/1.3/commons-exec-1.3.jar:/Users/parammodi/.m2/repository/com/google/guava/guava/25.0-jre/guava-25.0-jre.jar:/Users/parammodi/.m2/repository/com/google/code/findbugs/jsr305/1.3.9/jsr305-1.3.9.jar:/Users/parammodi/.m2/repository/org/checkerframework/checker-compat-qual/2.0.0/checker-compat-qual-2.0.0.jar:/Users/parammodi/.m2/repository/com/google/errorprone/error_prone_annotations/2.1.3/error_prone_annotations-2.1.3.jar:/Users/parammodi/.m2/repository/com/google/j2objc/j2objc-annotations/1.1/j2objc-annotations-1.1.jar:/Users/parammodi/.m2/repository/org/codehaus/mojo/animal-sniffer-annotations/1.14/animal-sniffer-annotations-1.14.jar:/Users/parammodi/.m2/repository/com/squareup/okhttp3/okhttp/3.11.0/okhttp-3.11.0.jar:/Users/parammodi/.m2/repository/com/squareup/okio/okio/1.14.0/okio-1.14.0.jar:/Users/parammodi/.m2/repository/io/github/bonigarcia/webdrivermanager/5.5.3/webdrivermanager-5.5.3.jar:/Users/parammodi/.m2/repository/org/slf4j/slf4j-api/2.0.7/slf4j-api-2.0.7.jar:/Users/parammodi/.m2/repository/com/google/code/gson/gson/2.10.1/gson-2.10.1.jar:/Users/parammodi/.m2/repository/com/github/docker-java/docker-java/3.3.3/docker-java-3.3.3.jar:/Users/parammodi/.m2/repository/com/github/docker-java/docker-java-core/3.3.3/docker-java-core-3.3.3.jar:/Users/parammodi/.m2/repository/com/github/docker-java/docker-java-api/3.3.3/docker-java-api-3.3.3.jar:/Users/parammodi/.m2/repository/com/fasterxml/jackson/core/jackson-annotations/2.10.3/jackson-annotations-2.10.3.jar:/Users/parammodi/.m2/repository/commons-io/commons-io/2.6/commons-io-2.6.jar:/Users/parammodi/.m2/repository/org/apache/commons/commons-compress/1.21/commons-compress-1.21.jar:/Users/parammodi/.m2/repository/com/fasterxml/jackson/core/jackson-databind/2.10.3/jackson-databind-2.10.3.jar:/Users/parammodi/.m2/repository/com/fasterxml/jackson/core/jackson-core/2.10.3/jackson-core-2.10.3.jar:/Users/parammodi/.m2/repository/org/bouncycastle/bcpkix-jdk18on/1.75/bcpkix-jdk18on-1.75.jar:/Users/parammodi/.m2/repository/org/bouncycastle/bcprov-jdk18on/1.75/bcprov-jdk18on-1.75.jar:/Users/parammodi/.m2/repository/org/bouncycastle/bcutil-jdk18on/1.75/bcutil-jdk18on-1.75.jar:/Users/parammodi/.m2/repository/org/slf4j/jcl-over-slf4j/1.7.30/jcl-over-slf4j-1.7.30.jar:/Users/parammodi/.m2/repository/com/github/docker-java/docker-java-transport-httpclient5/3.3.3/docker-java-transport-httpclient5-3.3.3.jar:/Users/parammodi/.m2/repository/com/github/docker-java/docker-java-transport/3.3.3/docker-java-transport-3.3.3.jar:/Users/parammodi/.m2/repository/net/java/dev/jna/jna/5.12.1/jna-5.12.1.jar:/Users/parammodi/.m2/repository/org/brotli/dec/0.1.2/dec-0.1.2.jar:/Users/parammodi/.m2/repository/org/apache/commons/commons-lang3/3.13.0/commons-lang3-3.13.0.jar:/Users/parammodi/.m2/repository/org/apache/httpcomponents/client5/httpclient5/5.2.1/httpclient5-5.2.1.jar:/Users/parammodi/.m2/repository/org/apache/httpcomponents/core5/httpcore5/5.2/httpcore5-5.2.jar:/Users/parammodi/.m2/repository/org/apache/httpcomponents/core5/httpcore5-h2/5.2/httpcore5-h2-5.2.jar:/Users/parammodi/.m2/repository/org/junit/jupiter/junit-jupiter-api/5.7.0/junit-jupiter-api-5.7.0.jar:/Users/parammodi/.m2/repository/org/apiguardian/apiguardian-api/1.1.0/apiguardian-api-1.1.0.jar:/Users/parammodi/.m2/repository/org/opentest4j/opentest4j/1.2.0/opentest4j-1.2.0.jar:/Users/parammodi/.m2/repository/org/junit/platform/junit-platform-commons/1.7.0/junit-platform-commons-1.7.0.jar:/Users/parammodi/.m2/repository/org/junit/jupiter/junit-jupiter-engine/5.7.0/junit-jupiter-engine-5.7.0.jar:/Users/parammodi/.m2/repository/org/junit/platform/junit-platform-engine/1.7.0/junit-platform-engine-1.7.0.jar:/Users/parammodi/.m2/repository/org/assertj/assertj-core/3.19.0/assertj-core-3.19.0.jar:"/>
    <property name="java.vm.vendor" value="Homebrew"/>
    <property name="sun.arch.data.model" value="64"/>
    <property name="java.vendor.url" value="https://github.com/Homebrew/homebrew-core/issues"/>
    <property name="os.name" value="Mac OS X"/>
    <property name="java.vm.specification.version" value="21"/>
    <property name="sun.java.launcher" value="SUN_STANDARD"/>
    <property name="user.country" value="US"/>
    <property name="sun.boot.library.path" value="/opt/homebrew/Cellar/openjdk/21/libexec/openjdk.jdk/Contents/Home/lib"/>
    <property name="sun.java.command" value="/Users/parammodi/Desktop/IIT/Sem 3/Advanced Software Engineering/Assigment-4/Assignment_4/bestbuy-tests/target/surefire/surefirebooter8788671124664059073.jar /Users/parammodi/Desktop/IIT/Sem 3/Advanced Software Engineering/Assigment-4/Assignment_4/bestbuy-tests/target/surefire 2023-11-10T12-36-19_670-jvmRun1 surefire16443222689187029842tmp surefire_015671942192263145556tmp"/>
    <property name="http.nonProxyHosts" value="local|*.local|169.254/16|*.169.254/16"/>
    <property name="jdk.debug" value="release"/>
    <property name="surefire.test.class.path" value="/Users/parammodi/Desktop/IIT/Sem 3/Advanced Software Engineering/Assigment-4/Assignment_4/bestbuy-tests/target/test-classes:/Users/parammodi/Desktop/IIT/Sem 3/Advanced Software Engineering/Assigment-4/Assignment_4/bestbuy-tests/target/classes:/Users/parammodi/.m2/repository/org/seleniumhq/selenium/selenium-java/3.141.59/selenium-java-3.141.59.jar:/Users/parammodi/.m2/repository/org/seleniumhq/selenium/selenium-api/3.141.59/selenium-api-3.141.59.jar:/Users/parammodi/.m2/repository/org/seleniumhq/selenium/selenium-chrome-driver/3.141.59/selenium-chrome-driver-3.141.59.jar:/Users/parammodi/.m2/repository/org/seleniumhq/selenium/selenium-edge-driver/3.141.59/selenium-edge-driver-3.141.59.jar:/Users/parammodi/.m2/repository/org/seleniumhq/selenium/selenium-firefox-driver/3.141.59/selenium-firefox-driver-3.141.59.jar:/Users/parammodi/.m2/repository/org/seleniumhq/selenium/selenium-ie-driver/3.141.59/selenium-ie-driver-3.141.59.jar:/Users/parammodi/.m2/repository/org/seleniumhq/selenium/selenium-opera-driver/3.141.59/selenium-opera-driver-3.141.59.jar:/Users/parammodi/.m2/repository/org/seleniumhq/selenium/selenium-remote-driver/3.141.59/selenium-remote-driver-3.141.59.jar:/Users/parammodi/.m2/repository/org/seleniumhq/selenium/selenium-safari-driver/3.141.59/selenium-safari-driver-3.141.59.jar:/Users/parammodi/.m2/repository/org/seleniumhq/selenium/selenium-support/3.141.59/selenium-support-3.141.59.jar:/Users/parammodi/.m2/repository/net/bytebuddy/byte-buddy/1.8.15/byte-buddy-1.8.15.jar:/Users/parammodi/.m2/repository/org/apache/commons/commons-exec/1.3/commons-exec-1.3.jar:/Users/parammodi/.m2/repository/com/google/guava/guava/25.0-jre/guava-25.0-jre.jar:/Users/parammodi/.m2/repository/com/google/code/findbugs/jsr305/1.3.9/jsr305-1.3.9.jar:/Users/parammodi/.m2/repository/org/checkerframework/checker-compat-qual/2.0.0/checker-compat-qual-2.0.0.jar:/Users/parammodi/.m2/repository/com/google/errorprone/error_prone_annotations/2.1.3/error_prone_annotations-2.1.3.jar:/Users/parammodi/.m2/repository/com/google/j2objc/j2objc-annotations/1.1/j2objc-annotations-1.1.jar:/Users/parammodi/.m2/repository/org/codehaus/mojo/animal-sniffer-annotations/1.14/animal-sniffer-annotations-1.14.jar:/Users/parammodi/.m2/repository/com/squareup/okhttp3/okhttp/3.11.0/okhttp-3.11.0.jar:/Users/parammodi/.m2/repository/com/squareup/okio/okio/1.14.0/okio-1.14.0.jar:/Users/parammodi/.m2/repository/io/github/bonigarcia/webdrivermanager/5.5.3/webdrivermanager-5.5.3.jar:/Users/parammodi/.m2/repository/org/slf4j/slf4j-api/2.0.7/slf4j-api-2.0.7.jar:/Users/parammodi/.m2/repository/com/google/code/gson/gson/2.10.1/gson-2.10.1.jar:/Users/parammodi/.m2/repository/com/github/docker-java/docker-java/3.3.3/docker-java-3.3.3.jar:/Users/parammodi/.m2/repository/com/github/docker-java/docker-java-core/3.3.3/docker-java-core-3.3.3.jar:/Users/parammodi/.m2/repository/com/github/docker-java/docker-java-api/3.3.3/docker-java-api-3.3.3.jar:/Users/parammodi/.m2/repository/com/fasterxml/jackson/core/jackson-annotations/2.10.3/jackson-annotations-2.10.3.jar:/Users/parammodi/.m2/repository/commons-io/commons-io/2.6/commons-io-2.6.jar:/Users/parammodi/.m2/repository/org/apache/commons/commons-compress/1.21/commons-compress-1.21.jar:/Users/parammodi/.m2/repository/com/fasterxml/jackson/core/jackson-databind/2.10.3/jackson-databind-2.10.3.jar:/Users/parammodi/.m2/repository/com/fasterxml/jackson/core/jackson-core/2.10.3/jackson-core-2.10.3.jar:/Users/parammodi/.m2/repository/org/bouncycastle/bcpkix-jdk18on/1.75/bcpkix-jdk18on-1.75.jar:/Users/parammodi/.m2/repository/org/bouncycastle/bcprov-jdk18on/1.75/bcprov-jdk18on-1.75.jar:/Users/parammodi/.m2/repository/org/bouncycastle/bcutil-jdk18on/1.75/bcutil-jdk18on-1.75.jar:/Users/parammodi/.m2/repository/org/slf4j/jcl-over-slf4j/1.7.30/jcl-over-slf4j-1.7.30.jar:/Users/parammodi/.m2/repository/com/github/docker-java/docker-java-transport-httpclient5/3.3.3/docker-java-transport-httpclient5-3.3.3.jar:/Users/parammodi/.m2/repository/com/github/docker-java/docker-java-transport/3.3.3/docker-java-transport-3.3.3.jar:/Users/parammodi/.m2/repository/net/java/dev/jna/jna/5.12.1/jna-5.12.1.jar:/Users/parammodi/.m2/repository/org/brotli/dec/0.1.2/dec-0.1.2.jar:/Users/parammodi/.m2/repository/org/apache/commons/commons-lang3/3.13.0/commons-lang3-3.13.0.jar:/Users/parammodi/.m2/repository/org/apache/httpcomponents/client5/httpclient5/5.2.1/httpclient5-5.2.1.jar:/Users/parammodi/.m2/repository/org/apache/httpcomponents/core5/httpcore5/5.2/httpcore5-5.2.jar:/Users/parammodi/.m2/repository/org/apache/httpcomponents/core5/httpcore5-h2/5.2/httpcore5-h2-5.2.jar:/Users/parammodi/.m2/repository/org/junit/jupiter/junit-jupiter-api/5.7.0/junit-jupiter-api-5.7.0.jar:/Users/parammodi/.m2/repository/org/apiguardian/apiguardian-api/1.1.0/apiguardian-api-1.1.0.jar:/Users/parammodi/.m2/repository/org/opentest4j/opentest4j/1.2.0/opentest4j-1.2.0.jar:/Users/parammodi/.m2/repository/org/junit/platform/junit-platform-commons/1.7.0/junit-platform-commons-1.7.0.jar:/Users/parammodi/.m2/repository/org/junit/jupiter/junit-jupiter-engine/5.7.0/junit-jupiter-engine-5.7.0.jar:/Users/parammodi/.m2/repository/org/junit/platform/junit-platform-engine/1.7.0/junit-platform-engine-1.7.0.jar:/Users/parammodi/.m2/repository/org/assertj/assertj-core/3.19.0/assertj-core-3.19.0.jar:"/>
    <property name="sun.cpu.endian" value="little"/>
    <property name="user.home" value="/Users/parammodi"/>
    <property name="user.language" value="en"/>
    <property name="java.specification.vendor" value="Oracle Corporation"/>
    <property name="java.version.date" value="2023-09-19"/>
    <property name="java.home" value="/opt/homebrew/Cellar/openjdk/21/libexec/openjdk.jdk/Contents/Home"/>
    <property name="file.separator" value="/"/>
    <property name="basedir" value="/Users/parammodi/Desktop/IIT/Sem 3/Advanced Software Engineering/Assigment-4/Assignment_4/bestbuy-tests"/>
    <property name="java.vm.compressedOopsMode" value="Zero based"/>
    <property name="line.separator" value="&#10;"/>
    <property name="java.vm.specification.vendor" value="Oracle Corporation"/>
    <property name="java.specification.name" value="Java Platform API Specification"/>
    <property name="apple.awt.application.name" value="ForkedBooter"/>
    <property name="surefire.real.class.path" value="/Users/parammodi/Desktop/IIT/Sem 3/Advanced Software Engineering/Assigment-4/Assignment_4/bestbuy-tests/target/surefire/surefirebooter8788671124664059073.jar"/>
    <property name="sun.management.compiler" value="HotSpot 64-Bit Tiered Compilers"/>
    <property name="ftp.nonProxyHosts" value="local|*.local|169.254/16|*.169.254/16"/>
    <property name="java.runtime.version" value="21"/>
    <property name="user.name" value="parammodi"/>
    <property name="stdout.encoding" value="UTF-8"/>
    <property name="path.separator" value=":"/>
    <property name="os.version" value="14.0"/>
    <property name="java.runtime.name" value="OpenJDK Runtime Environment"/>
    <property name="file.encoding" value="UTF-8"/>
    <property name="java.vm.name" value="OpenJDK 64-Bit Server VM"/>
    <property name="java.vendor.version" value="Homebrew"/>
    <property name="localRepository" value="/Users/parammodi/.m2/repository"/>
    <property name="java.vendor.url.bug" value="https://github.com/Homebrew/homebrew-core/issues"/>
    <property name="java.io.tmpdir" value="/var/folders/9k/xp9090mx309bk85q1b9ngfcc0000gn/T/"/>
    <property name="java.version" value="21"/>
    <property name="user.dir" value="/Users/parammodi/Desktop/IIT/Sem 3/Advanced Software Engineering/Assigment-4/Assignment_4/bestbuy-tests"/>
    <property name="os.arch" value="aarch64"/>
    <property name="java.vm.specification.name" value="Java Virtual Machine Specification"/>
    <property name="native.encoding" value="UTF-8"/>
    <property name="java.library.path" value="/Users/parammodi/Library/Java/Extensions:/Library/Java/Extensions:/Network/Library/Java/Extensions:/System/Library/Java/Extensions:/usr/lib/java:."/>
    <property name="java.vm.info" value="mixed mode, sharing"/>
    <property name="stderr.encoding" value="UTF-8"/>
    <property name="java.vendor" value="Homebrew"/>
    <property name="java.vm.version" value="21"/>
    <property name="sun.io.unicode.encoding" value="UnicodeBig"/>
    <property name="socksNonProxyHosts" value="local|*.local|169.254/16|*.169.254/16"/>
    <property name="java.class.version" value="65.0"/>
  </properties>
  <testcase name="SmartSpeakers" classname="io.github.bonigarcia.webdriver.jupiter.ch03.locators.BestBuyHomepageTest" time="17.106"/>
  <testcase name="ApplianceSaleEvent" classname="io.github.bonigarcia.webdriver.jupiter.ch03.locators.BestBuyHomepageTest" time="13.293"/>
  <testcase name="WirelessHeadphones" classname="io.github.bonigarcia.webdriver.jupiter.ch03.locators.BestBuyHomepageTest" time="13.997"/>
  <testcase name="Speakers" classname="io.github.bonigarcia.webdriver.jupiter.ch03.locators.BestBuyHomepageTest" time="17.012"/>
  <testcase name="iPhoneNew" classname="io.github.bonigarcia.webdriver.jupiter.ch03.locators.BestBuyHomepageTest" time="15.444"/>
  <testcase name="BluetoothSpeakers" classname="io.github.bonigarcia.webdriver.jupiter.ch03.locators.BestBuyHomepageTest" time="10.704"/>
  <testcase name="SamsungGalaxy" classname="io.github.bonigarcia.webdriver.jupiter.ch03.locators.BestBuyHomepageTest" time="10.3"/>
  <testcase name="PrepaidPhoneCards" classname="io.github.bonigarcia.webdriver.jupiter.ch03.locators.BestBuyHomepageTest" time="14.953"/>
  <testcase name="VacuumFloorCare" classname="io.github.bonigarcia.webdriver.jupiter.ch03.locators.BestBuyHomepageTest" time="10.604"/>
  <testcase name="testLevel1DealsMenu" classname="io.github.bonigarcia.webdriver.jupiter.ch03.locators.BestBuyHomepageTest" time="10.168"/>
  <testcase name="testTVHometheatre" classname="io.github.bonigarcia.webdriver.jupiter.ch03.locators.BestBuyHomepageTest" time="10.217"/>
  <testcase name="testLevel1Appliances" classname="io.github.bonigarcia.webdriver.jupiter.ch03.locators.BestBuyHomepageTest" time="10.559"/>
  <testcase name="iPhone" classname="io.github.bonigarcia.webdriver.jupiter.ch03.locators.BestBuyHomepageTest" time="10.484"/>
  <testcase name="Luxurykitchen" classname="io.github.bonigarcia.webdriver.jupiter.ch03.locators.BestBuyHomepageTest" time="9.975"/>
  <testcase name="PrepaidCellPhones" classname="io.github.bonigarcia.webdriver.jupiter.ch03.locators.BestBuyHomepageTest" time="15.109"/>
  <testcase name="SamsungTV" classname="io.github.bonigarcia.webdriver.jupiter.ch03.locators.BestBuyHomepageTest" time="15.135"/>
  <testcase name="ComputerComponents" classname="io.github.bonigarcia.webdriver.jupiter.ch03.locators.BestBuyHomepageTest" time="9.892"/>
  <testcase name="Dishwashers" classname="io.github.bonigarcia.webdriver.jupiter.ch03.locators.BestBuyHomepageTest" time="12.879"/>
  <testcase name="PrepaidPhoneandPlans" classname="io.github.bonigarcia.webdriver.jupiter.ch03.locators.BestBuyHomepageTest" time="9.967"/>
  <testcase name="TopTVDeals" classname="io.github.bonigarcia.webdriver.jupiter.ch03.locators.BestBuyHomepageTest" time="13.909"/>
  <testcase name="Monitors" classname="io.github.bonigarcia.webdriver.jupiter.ch03.locators.BestBuyHomepageTest" time="11.499"/>
  <testcase name="TVUnder" classname="io.github.bonigarcia.webdriver.jupiter.ch03.locators.BestBuyHomepageTest" time="18.411"/>
  <testcase name="HomeAudio" classname="io.github.bonigarcia.webdriver.jupiter.ch03.locators.BestBuyHomepageTest" time="11.859"/>
  <testcase name="Headphones" classname="io.github.bonigarcia.webdriver.jupiter.ch03.locators.BestBuyHomepageTest" time="10.926"/>
  <testcase name="LGTV" classname="io.github.bonigarcia.webdriver.jupiter.ch03.locators.BestBuyHomepageTest" time="22.076"/>
  <testcase name="TVByBrand" classname="io.github.bonigarcia.webdriver.jupiter.ch03.locators.BestBuyHomepageTest" time="10.255"/>
  <testcase name="CpuProcessor" classname="io.github.bonigarcia.webdriver.jupiter.ch03.locators.BestBuyHomepageTest" time="14.551"/>
  <testcase name="BigTV" classname="io.github.bonigarcia.webdriver.jupiter.ch03.locators.BestBuyHomepageTest" time="13.418"/>
  <testcase name="testLevel1AudioMenu" classname="io.github.bonigarcia.webdriver.jupiter.ch03.locators.BestBuyHomepageTest" time="10.011"/>
  <testcase name="LaptopDesktop" classname="io.github.bonigarcia.webdriver.jupiter.ch03.locators.BestBuyHomepageTest" time="9.993"/>
  <testcase name="SoundBars" classname="io.github.bonigarcia.webdriver.jupiter.ch03.locators.BestBuyHomepageTest" time="14.375"/>
  <testcase name="PortableSpeakers" classname="io.github.bonigarcia.webdriver.jupiter.ch03.locators.BestBuyHomepageTest" time="15.457"/>
  <testcase name="VacuumsFloorCareDeals" classname="io.github.bonigarcia.webdriver.jupiter.ch03.locators.BestBuyHomepageTest" time="13.339"/>
  <testcase name="UltrawideMonitors" classname="io.github.bonigarcia.webdriver.jupiter.ch03.locators.BestBuyHomepageTest" time="14.743"/>
  <testcase name="testLevel1SupportServicesMenu" classname="io.github.bonigarcia.webdriver.jupiter.ch03.locators.BestBuyHomepageTest" time="10.221"/>
  <testcase name="Airpods" classname="io.github.bonigarcia.webdriver.jupiter.ch03.locators.BestBuyHomepageTest" time="13.661"/>
  <testcase name="testLevel1ComputerTablet" classname="io.github.bonigarcia.webdriver.jupiter.ch03.locators.BestBuyHomepageTest" time="10.718"/>
  <testcase name="VideoGraphicCard" classname="io.github.bonigarcia.webdriver.jupiter.ch03.locators.BestBuyHomepageTest" time="14.363"/>
  <testcase name="GamingDesktops" classname="io.github.bonigarcia.webdriver.jupiter.ch03.locators.BestBuyHomepageTest" time="14.718"/>
  <testcase name="LuxuryAppliancePromotion" classname="io.github.bonigarcia.webdriver.jupiter.ch03.locators.BestBuyHomepageTest" time="12.805"/>
  <testcase name="iPhoneNewPro" classname="io.github.bonigarcia.webdriver.jupiter.ch03.locators.BestBuyHomepageTest" time="14.555"/>
  <testcase name="Majorkitchen" classname="io.github.bonigarcia.webdriver.jupiter.ch03.locators.BestBuyHomepageTest" time="10.943"/>
  <testcase name="iPhoneOldPro" classname="io.github.bonigarcia.webdriver.jupiter.ch03.locators.BestBuyHomepageTest" time="14.248"/>
  <testcase name="TVBySize" classname="io.github.bonigarcia.webdriver.jupiter.ch03.locators.BestBuyHomepageTest" time="11.228"/>
  <testcase name="TVByType" classname="io.github.bonigarcia.webdriver.jupiter.ch03.locators.BestBuyHomepageTest" time="10.295"/>
  <testcase name="Laptops" classname="io.github.bonigarcia.webdriver.jupiter.ch03.locators.BestBuyHomepageTest" time="13.417"/>
  <testcase name="KMonitors" classname="io.github.bonigarcia.webdriver.jupiter.ch03.locators.BestBuyHomepageTest" time="14.232"/>
  <testcase name="GalaxyS23FE" classname="io.github.bonigarcia.webdriver.jupiter.ch03.locators.BestBuyHomepageTest" time="14.536"/>
  <testcase name="TopTVDeal" classname="io.github.bonigarcia.webdriver.jupiter.ch03.locators.BestBuyHomepageTest" time="15.033"/>
  <testcase name="LuxuryRanges" classname="io.github.bonigarcia.webdriver.jupiter.ch03.locators.BestBuyHomepageTest" time="14.694"/>
  <testcase name="testLevel1CellPhones" classname="io.github.bonigarcia.webdriver.jupiter.ch03.locators.BestBuyHomepageTest" time="9.664"/>
  <testcase name="GalaxyS23" classname="io.github.bonigarcia.webdriver.jupiter.ch03.locators.BestBuyHomepageTest" time="12.567"/>
  <testcase name="UprightVacuum" classname="io.github.bonigarcia.webdriver.jupiter.ch03.locators.BestBuyHomepageTest" time="14.027"/>
</testsuite>